<?xml version="1.0" encoding="UTF-8"?>
<testng-results ignored="5" total="6" passed="1" failed="0" skipped="0">
  <reporter-output>
  </reporter-output>
  <suite started-at="2025-08-09T22:25:22 IST" name="Default suite" finished-at="2025-08-09T22:25:42 IST" duration-ms="19727">
    <groups>
    </groups>
    <test started-at="2025-08-09T22:25:22 IST" name="Default test" finished-at="2025-08-09T22:25:42 IST" duration-ms="19727">
      <class name="com.HRM.TestCases.AdminPageTestCase">
        <test-method signature="logintoApp()[pri:1, instance:com.HRM.TestCases.AdminPageTestCase@30c15d8b]" started-at="2025-08-09T22:25:22 IST" name="logintoApp" finished-at="2025-08-09T22:25:42 IST" duration-ms="19696" status="PASS">
          <reporter-output>
          </reporter-output>
        </test-method> <!-- logintoApp -->
      </class> <!-- com.HRM.TestCases.AdminPageTestCase -->
    </test> <!-- Default test -->
  </suite> <!-- Default suite -->
</testng-results>
