<?xml version="1.0" encoding="UTF-8"?>
<!-- Generated by org.testng.reporters.JUnitXMLReporter -->
<testsuite ignored="5" hostname="LT2025" failures="0" tests="1" name="Default test" time="19.727" errors="0" timestamp="2025-08-09T22:25:42 IST">
  <testcase classname="com.HRM.TestCases.AdminPageTestCase" name="logintoApp" time="19.696"/>
  <testcase classname="com.HRM.TestCases.AdminPageTestCase" name="navigateAdminPage" time="0.0">
    <ignored/>
  </testcase> <!-- navigateAdminPage -->
  <testcase classname="com.HRM.TestCases.AdminPageTestCase" name="searchByUserRole" time="0.0">
    <ignored/>
  </testcase> <!-- searchByUserRole -->
  <testcase classname="com.HRM.TestCases.AdminPageTestCase" name="searchByUserName" time="0.0">
    <ignored/>
  </testcase> <!-- searchByUserName -->
  <testcase classname="com.HRM.TestCases.AdminPageTestCase" name="countLinks" time="0.0">
    <ignored/>
  </testcase> <!-- countLinks -->
  <testcase classname="com.HRM.TestCases.AdminPageTestCase" name="searchByUserStatus" time="0.0">
    <ignored/>
  </testcase> <!-- searchByUserStatus -->
</testsuite> <!-- Default test -->
